<?xml version="1.0" encoding="UTF-8"?>
<!-- Generated by org.testng.reporters.JUnitXMLReporter -->
<testsuite hostname="DESKTOP-9EVS9P3" ignored="3" name="Test" tests="2" failures="0" timestamp="20 May 2020 13:11:04 GMT" time="80.862" errors="0">
  <testcase name="loginApp" time="55.612" classname="com.mystore.testcases.LoginPageTest"/>
  <testcase name="verifyMyWishListPageTest" time="18.676" classname="com.mystore.testcases.MyWishListPageTest"/>
  <testcase name="@BeforeSuite setup2" time="0.0" classname="com.mystore.baseClass.BaseClass">
    <ignored/>
  </testcase> <!-- @BeforeSuite setup2 -->
  <testcase name="@AfterSuite tearDown" time="0.0" classname="com.mystore.baseClass.BaseClass">
    <ignored/>
  </testcase> <!-- @AfterSuite tearDown -->
  <testcase name="@BeforeSuite setUp" time="0.0" classname="com.mystore.baseClass.BaseClass">
    <ignored/>
  </testcase> <!-- @BeforeSuite setUp -->
</testsuite> <!-- Test -->
